<?xml version="1.0" encoding="UTF-8"?>
<testng-results skipped="0" failed="0" ignored="0" total="1" passed="1">
  <reporter-output>
    <line>
      <![CDATA[hiii....]]>
    </line>
  </reporter-output>
  <suite name="Suite" duration-ms="87" started-at="2018-07-17T13:44:35Z" finished-at="2018-07-17T13:44:35Z">
    <groups>
    </groups>
    <test name="Test" duration-ms="87" started-at="2018-07-17T13:44:35Z" finished-at="2018-07-17T13:44:35Z">
      <class name="test.MavenTest">
        <test-method status="PASS" signature="testA()[pri:0, instance:test.MavenTest@5a8806ef]" name="testA" duration-ms="19" started-at="2018-07-17T13:44:35Z" finished-at="2018-07-17T13:44:35Z">
          <reporter-output>
            <line>
              <![CDATA[hiii....]]>
            </line>
          </reporter-output>
        </test-method> <!-- testA -->
      </class> <!-- test.MavenTest -->
    </test> <!-- Test -->
  </suite> <!-- Suite -->
</testng-results>
